CRITICAL - 2023-04-23 23:36:34 --> syntax error, unexpected token "public"
in APPPATH\Controllers\Home.php on line 54.
 1 SYSTEMPATH\Autoloader\Autoloader.php(289): CodeIgniter\Autoloader\Autoloader->includeFile('A:\\XAMPP\\htdocs\\Code_Igniter\\app\\Controllers\\Home.php')
 2 SYSTEMPATH\Autoloader\Autoloader.php(267): CodeIgniter\Autoloader\Autoloader->loadInNamespace('App\\Controllers\\Home')
 3 [internal function]: CodeIgniter\Autoloader\Autoloader->loadClass('App\\Controllers\\Home')
 4 SYSTEMPATH\CodeIgniter.php(892): class_exists('\\App\\Controllers\\Home', true)
 5 SYSTEMPATH\CodeIgniter.php(486): CodeIgniter\CodeIgniter->startController()
 6 SYSTEMPATH\CodeIgniter.php(368): CodeIgniter\CodeIgniter->handleRequest(null, Object(Config\Cache), false)
 7 FCPATH\index.php(67): CodeIgniter\CodeIgniter->run()
CRITICAL - 2023-04-23 23:36:34 --> syntax error, unexpected token "public"
in APPPATH\Controllers\Home.php on line 54.
 1 SYSTEMPATH\Autoloader\Autoloader.php(289): CodeIgniter\Autoloader\Autoloader->includeFile('A:\\XAMPP\\htdocs\\Code_Igniter\\app\\Controllers\\Home.php')
 2 SYSTEMPATH\Autoloader\Autoloader.php(267): CodeIgniter\Autoloader\Autoloader->loadInNamespace('App\\Controllers\\Home')
 3 [internal function]: CodeIgniter\Autoloader\Autoloader->loadClass('App\\Controllers\\Home')
 4 SYSTEMPATH\CodeIgniter.php(892): class_exists('\\App\\Controllers\\Home', true)
 5 SYSTEMPATH\CodeIgniter.php(486): CodeIgniter\CodeIgniter->startController()
 6 SYSTEMPATH\CodeIgniter.php(368): CodeIgniter\CodeIgniter->handleRequest(null, Object(Config\Cache), false)
 7 FCPATH\index.php(67): CodeIgniter\CodeIgniter->run()
CRITICAL - 2023-04-23 23:36:36 --> syntax error, unexpected token "public"
in APPPATH\Controllers\Home.php on line 54.
 1 SYSTEMPATH\Autoloader\Autoloader.php(289): CodeIgniter\Autoloader\Autoloader->includeFile('A:\\XAMPP\\htdocs\\Code_Igniter\\app\\Controllers\\Home.php')
 2 SYSTEMPATH\Autoloader\Autoloader.php(267): CodeIgniter\Autoloader\Autoloader->loadInNamespace('App\\Controllers\\Home')
 3 [internal function]: CodeIgniter\Autoloader\Autoloader->loadClass('App\\Controllers\\Home')
 4 SYSTEMPATH\CodeIgniter.php(892): class_exists('\\App\\Controllers\\Home', true)
 5 SYSTEMPATH\CodeIgniter.php(486): CodeIgniter\CodeIgniter->startController()
 6 SYSTEMPATH\CodeIgniter.php(368): CodeIgniter\CodeIgniter->handleRequest(null, Object(Config\Cache), false)
 7 FCPATH\index.php(67): CodeIgniter\CodeIgniter->run()
CRITICAL - 2023-04-23 23:36:37 --> syntax error, unexpected token "public"
in APPPATH\Controllers\Home.php on line 54.
 1 SYSTEMPATH\Autoloader\Autoloader.php(289): CodeIgniter\Autoloader\Autoloader->includeFile('A:\\XAMPP\\htdocs\\Code_Igniter\\app\\Controllers\\Home.php')
 2 SYSTEMPATH\Autoloader\Autoloader.php(267): CodeIgniter\Autoloader\Autoloader->loadInNamespace('App\\Controllers\\Home')
 3 [internal function]: CodeIgniter\Autoloader\Autoloader->loadClass('App\\Controllers\\Home')
 4 SYSTEMPATH\CodeIgniter.php(892): class_exists('\\App\\Controllers\\Home', true)
 5 SYSTEMPATH\CodeIgniter.php(486): CodeIgniter\CodeIgniter->startController()
 6 SYSTEMPATH\CodeIgniter.php(368): CodeIgniter\CodeIgniter->handleRequest(null, Object(Config\Cache), false)
 7 FCPATH\index.php(67): CodeIgniter\CodeIgniter->run()
CRITICAL - 2023-04-23 23:36:46 --> syntax error, unexpected token "public"
in APPPATH\Controllers\Home.php on line 54.
 1 SYSTEMPATH\Autoloader\Autoloader.php(289): CodeIgniter\Autoloader\Autoloader->includeFile('A:\\XAMPP\\htdocs\\Code_Igniter\\app\\Controllers\\Home.php')
 2 SYSTEMPATH\Autoloader\Autoloader.php(267): CodeIgniter\Autoloader\Autoloader->loadInNamespace('App\\Controllers\\Home')
 3 [internal function]: CodeIgniter\Autoloader\Autoloader->loadClass('App\\Controllers\\Home')
 4 SYSTEMPATH\CodeIgniter.php(892): class_exists('\\App\\Controllers\\Home', true)
 5 SYSTEMPATH\CodeIgniter.php(486): CodeIgniter\CodeIgniter->startController()
 6 SYSTEMPATH\CodeIgniter.php(368): CodeIgniter\CodeIgniter->handleRequest(null, Object(Config\Cache), false)
 7 FCPATH\index.php(67): CodeIgniter\CodeIgniter->run()
CRITICAL - 2023-04-23 23:36:48 --> syntax error, unexpected token "public"
in APPPATH\Controllers\Home.php on line 54.
 1 SYSTEMPATH\Autoloader\Autoloader.php(289): CodeIgniter\Autoloader\Autoloader->includeFile('A:\\XAMPP\\htdocs\\Code_Igniter\\app\\Controllers\\Home.php')
 2 SYSTEMPATH\Autoloader\Autoloader.php(267): CodeIgniter\Autoloader\Autoloader->loadInNamespace('App\\Controllers\\Home')
 3 [internal function]: CodeIgniter\Autoloader\Autoloader->loadClass('App\\Controllers\\Home')
 4 SYSTEMPATH\CodeIgniter.php(892): class_exists('\\App\\Controllers\\Home', true)
 5 SYSTEMPATH\CodeIgniter.php(486): CodeIgniter\CodeIgniter->startController()
 6 SYSTEMPATH\CodeIgniter.php(368): CodeIgniter\CodeIgniter->handleRequest(null, Object(Config\Cache), false)
 7 FCPATH\index.php(67): CodeIgniter\CodeIgniter->run()
CRITICAL - 2023-04-23 23:45:41 --> Object of class App\Models\UserModel could not be converted to string
in SYSTEMPATH\Database\Query.php on line 335.
 1 SYSTEMPATH\Database\Query.php(335): strtr('INSERT INTO `users` (`name`, `lastname`, `phone`, `adress`, `email`, `user`, `password`) VALUES (:name:, :lastname:, :phone:, :adress:, :email:, :user:, :password:)', [...])
 2 SYSTEMPATH\Database\Query.php(310): CodeIgniter\Database\Query->matchNamedBinds('INSERT INTO `users` (`name`, `lastname`, `phone`, `adress`, `email`, `user`, `password`) VALUES (:name:, :lastname:, :phone:, :adress:, :email:, :user:, :password:)', [...])
 3 SYSTEMPATH\Database\Query.php(159): CodeIgniter\Database\Query->compileBinds()
 4 SYSTEMPATH\Database\BaseConnection.php(605): CodeIgniter\Database\Query->getQuery()
 5 SYSTEMPATH\Database\BaseBuilder.php(2309): CodeIgniter\Database\BaseConnection->query('INSERT INTO `users` (`name`, `lastname`, `phone`, `adress`, `email`, `user`, `password`) VALUES (:name:, :lastname:, :phone:, :adress:, :email:, :user:, :password:)', [...], false)
 6 APPPATH\Models\UserModel.php(30): CodeIgniter\Database\BaseBuilder->insert([...])
 7 APPPATH\Controllers\Home.php(64): App\Models\UserModel->registerUser('', '', '', '', '', Object(App\Models\UserModel), '$2y$10$2VkTTdl33arcuTBVRYnxNOAScPAbhVuNe3eJ1yRfY6.qXwRMwdhay')
 8 SYSTEMPATH\CodeIgniter.php(934): App\Controllers\Home->register()
 9 SYSTEMPATH\CodeIgniter.php(499): CodeIgniter\CodeIgniter->runController(Object(App\Controllers\Home))
10 SYSTEMPATH\CodeIgniter.php(368): CodeIgniter\CodeIgniter->handleRequest(null, Object(Config\Cache), false)
11 FCPATH\index.php(67): CodeIgniter\CodeIgniter->run()
CRITICAL - 2023-04-23 23:46:56 --> Object of class App\Models\UserModel could not be converted to string
in SYSTEMPATH\Database\Query.php on line 335.
 1 SYSTEMPATH\Database\Query.php(335): strtr('INSERT INTO `users` (`name`, `lastname`, `phone`, `adress`, `email`, `user`, `password`) VALUES (:name:, :lastname:, :phone:, :adress:, :email:, :user:, :password:)', [...])
 2 SYSTEMPATH\Database\Query.php(310): CodeIgniter\Database\Query->matchNamedBinds('INSERT INTO `users` (`name`, `lastname`, `phone`, `adress`, `email`, `user`, `password`) VALUES (:name:, :lastname:, :phone:, :adress:, :email:, :user:, :password:)', [...])
 3 SYSTEMPATH\Database\Query.php(159): CodeIgniter\Database\Query->compileBinds()
 4 SYSTEMPATH\Database\BaseConnection.php(605): CodeIgniter\Database\Query->getQuery()
 5 SYSTEMPATH\Database\BaseBuilder.php(2309): CodeIgniter\Database\BaseConnection->query('INSERT INTO `users` (`name`, `lastname`, `phone`, `adress`, `email`, `user`, `password`) VALUES (:name:, :lastname:, :phone:, :adress:, :email:, :user:, :password:)', [...], false)
 6 APPPATH\Models\UserModel.php(30): CodeIgniter\Database\BaseBuilder->insert([...])
 7 APPPATH\Controllers\Home.php(64): App\Models\UserModel->registerUser('', '', '', '', '', Object(App\Models\UserModel), '$2y$10$uy4Zk.yNBFBujUSGuyNcAOW.i/fMpyvfN7.HTELMNgoHI1xnUEKaa')
 8 SYSTEMPATH\CodeIgniter.php(934): App\Controllers\Home->register()
 9 SYSTEMPATH\CodeIgniter.php(499): CodeIgniter\CodeIgniter->runController(Object(App\Controllers\Home))
10 SYSTEMPATH\CodeIgniter.php(368): CodeIgniter\CodeIgniter->handleRequest(null, Object(Config\Cache), false)
11 FCPATH\index.php(67): CodeIgniter\CodeIgniter->run()
CRITICAL - 2023-04-23 23:53:24 --> Object of class App\Models\UserModel could not be converted to string
in SYSTEMPATH\Database\Query.php on line 335.
 1 SYSTEMPATH\Database\Query.php(335): strtr('INSERT INTO `users` (`name`, `lastname`, `phone`, `adress`, `email`, `user`, `password`) VALUES (:name:, :lastname:, :phone:, :adress:, :email:, :user:, :password:)', [...])
 2 SYSTEMPATH\Database\Query.php(310): CodeIgniter\Database\Query->matchNamedBinds('INSERT INTO `users` (`name`, `lastname`, `phone`, `adress`, `email`, `user`, `password`) VALUES (:name:, :lastname:, :phone:, :adress:, :email:, :user:, :password:)', [...])
 3 SYSTEMPATH\Database\Query.php(159): CodeIgniter\Database\Query->compileBinds()
 4 SYSTEMPATH\Database\BaseConnection.php(605): CodeIgniter\Database\Query->getQuery()
 5 SYSTEMPATH\Database\BaseBuilder.php(2309): CodeIgniter\Database\BaseConnection->query('INSERT INTO `users` (`name`, `lastname`, `phone`, `adress`, `email`, `user`, `password`) VALUES (:name:, :lastname:, :phone:, :adress:, :email:, :user:, :password:)', [...], false)
 6 APPPATH\Models\UserModel.php(30): CodeIgniter\Database\BaseBuilder->insert([...])
 7 APPPATH\Controllers\Home.php(64): App\Models\UserModel->registerUser('', '', '', '', '', Object(App\Models\UserModel), '$2y$10$nY2v8Vi9jX8QaX.m0T7OOefcZAKxckj/ZZZTsRRCLZI6v40WP29k.')
 8 SYSTEMPATH\CodeIgniter.php(934): App\Controllers\Home->register()
 9 SYSTEMPATH\CodeIgniter.php(499): CodeIgniter\CodeIgniter->runController(Object(App\Controllers\Home))
10 SYSTEMPATH\CodeIgniter.php(368): CodeIgniter\CodeIgniter->handleRequest(null, Object(Config\Cache), false)
11 FCPATH\index.php(67): CodeIgniter\CodeIgniter->run()
CRITICAL - 2023-04-23 23:54:32 --> Object of class App\Models\UserModel could not be converted to string
in SYSTEMPATH\Database\Query.php on line 335.
 1 SYSTEMPATH\Database\Query.php(335): strtr('INSERT INTO `users` (`name`, `lastname`, `phone`, `adress`, `email`, `user`, `password`) VALUES (:name:, :lastname:, :phone:, :adress:, :email:, :user:, :password:)', [...])
 2 SYSTEMPATH\Database\Query.php(310): CodeIgniter\Database\Query->matchNamedBinds('INSERT INTO `users` (`name`, `lastname`, `phone`, `adress`, `email`, `user`, `password`) VALUES (:name:, :lastname:, :phone:, :adress:, :email:, :user:, :password:)', [...])
 3 SYSTEMPATH\Database\Query.php(159): CodeIgniter\Database\Query->compileBinds()
 4 SYSTEMPATH\Database\BaseConnection.php(605): CodeIgniter\Database\Query->getQuery()
 5 SYSTEMPATH\Database\BaseBuilder.php(2309): CodeIgniter\Database\BaseConnection->query('INSERT INTO `users` (`name`, `lastname`, `phone`, `adress`, `email`, `user`, `password`) VALUES (:name:, :lastname:, :phone:, :adress:, :email:, :user:, :password:)', [...], false)
 6 APPPATH\Models\UserModel.php(30): CodeIgniter\Database\BaseBuilder->insert([...])
 7 APPPATH\Controllers\Home.php(64): App\Models\UserModel->registerUser('', '', '', '', '', Object(App\Models\UserModel), '$2y$10$gZo8J56VrSf3Y6ak7YNHoePSeN3MDxhvv.3OdUtRg1IpkgSuD5Pmi')
 8 SYSTEMPATH\CodeIgniter.php(934): App\Controllers\Home->register()
 9 SYSTEMPATH\CodeIgniter.php(499): CodeIgniter\CodeIgniter->runController(Object(App\Controllers\Home))
10 SYSTEMPATH\CodeIgniter.php(368): CodeIgniter\CodeIgniter->handleRequest(null, Object(Config\Cache), false)
11 FCPATH\index.php(67): CodeIgniter\CodeIgniter->run()
CRITICAL - 2023-04-23 23:54:34 --> Object of class App\Models\UserModel could not be converted to string
in SYSTEMPATH\Database\Query.php on line 335.
 1 SYSTEMPATH\Database\Query.php(335): strtr('INSERT INTO `users` (`name`, `lastname`, `phone`, `adress`, `email`, `user`, `password`) VALUES (:name:, :lastname:, :phone:, :adress:, :email:, :user:, :password:)', [...])
 2 SYSTEMPATH\Database\Query.php(310): CodeIgniter\Database\Query->matchNamedBinds('INSERT INTO `users` (`name`, `lastname`, `phone`, `adress`, `email`, `user`, `password`) VALUES (:name:, :lastname:, :phone:, :adress:, :email:, :user:, :password:)', [...])
 3 SYSTEMPATH\Database\Query.php(159): CodeIgniter\Database\Query->compileBinds()
 4 SYSTEMPATH\Database\BaseConnection.php(605): CodeIgniter\Database\Query->getQuery()
 5 SYSTEMPATH\Database\BaseBuilder.php(2309): CodeIgniter\Database\BaseConnection->query('INSERT INTO `users` (`name`, `lastname`, `phone`, `adress`, `email`, `user`, `password`) VALUES (:name:, :lastname:, :phone:, :adress:, :email:, :user:, :password:)', [...], false)
 6 APPPATH\Models\UserModel.php(30): CodeIgniter\Database\BaseBuilder->insert([...])
 7 APPPATH\Controllers\Home.php(64): App\Models\UserModel->registerUser('', '', '', '', '', Object(App\Models\UserModel), '$2y$10$an0T/h952W1jQf0L4sxVXOLCDVCV4pgGQHe31cATpRFP.UpbKeBai')
 8 SYSTEMPATH\CodeIgniter.php(934): App\Controllers\Home->register()
 9 SYSTEMPATH\CodeIgniter.php(499): CodeIgniter\CodeIgniter->runController(Object(App\Controllers\Home))
10 SYSTEMPATH\CodeIgniter.php(368): CodeIgniter\CodeIgniter->handleRequest(null, Object(Config\Cache), false)
11 FCPATH\index.php(67): CodeIgniter\CodeIgniter->run()
CRITICAL - 2023-04-23 23:54:37 --> Object of class App\Models\UserModel could not be converted to string
in SYSTEMPATH\Database\Query.php on line 335.
 1 SYSTEMPATH\Database\Query.php(335): strtr('INSERT INTO `users` (`name`, `lastname`, `phone`, `adress`, `email`, `user`, `password`) VALUES (:name:, :lastname:, :phone:, :adress:, :email:, :user:, :password:)', [...])
 2 SYSTEMPATH\Database\Query.php(310): CodeIgniter\Database\Query->matchNamedBinds('INSERT INTO `users` (`name`, `lastname`, `phone`, `adress`, `email`, `user`, `password`) VALUES (:name:, :lastname:, :phone:, :adress:, :email:, :user:, :password:)', [...])
 3 SYSTEMPATH\Database\Query.php(159): CodeIgniter\Database\Query->compileBinds()
 4 SYSTEMPATH\Database\BaseConnection.php(605): CodeIgniter\Database\Query->getQuery()
 5 SYSTEMPATH\Database\BaseBuilder.php(2309): CodeIgniter\Database\BaseConnection->query('INSERT INTO `users` (`name`, `lastname`, `phone`, `adress`, `email`, `user`, `password`) VALUES (:name:, :lastname:, :phone:, :adress:, :email:, :user:, :password:)', [...], false)
 6 APPPATH\Models\UserModel.php(30): CodeIgniter\Database\BaseBuilder->insert([...])
 7 APPPATH\Controllers\Home.php(64): App\Models\UserModel->registerUser('', '', '', '', '', Object(App\Models\UserModel), '$2y$10$3cwqm0rOsJT9s102KsEBB.Qu5YMou/ESvN/vbXDoHq0p63CiNz.1.')
 8 SYSTEMPATH\CodeIgniter.php(934): App\Controllers\Home->register()
 9 SYSTEMPATH\CodeIgniter.php(499): CodeIgniter\CodeIgniter->runController(Object(App\Controllers\Home))
10 SYSTEMPATH\CodeIgniter.php(368): CodeIgniter\CodeIgniter->handleRequest(null, Object(Config\Cache), false)
11 FCPATH\index.php(67): CodeIgniter\CodeIgniter->run()
