CRITICAL - 2023-04-24 00:00:15 --> Object of class App\Models\UserModel could not be converted to string
in SYSTEMPATH\Database\Query.php on line 335.
 1 SYSTEMPATH\Database\Query.php(335): strtr('INSERT INTO `users` (`name`, `lastname`, `phone`, `adress`, `email`, `user`, `password`) VALUES (:name:, :lastname:, :phone:, :adress:, :email:, :user:, :password:)', [...])
 2 SYSTEMPATH\Database\Query.php(310): CodeIgniter\Database\Query->matchNamedBinds('INSERT INTO `users` (`name`, `lastname`, `phone`, `adress`, `email`, `user`, `password`) VALUES (:name:, :lastname:, :phone:, :adress:, :email:, :user:, :password:)', [...])
 3 SYSTEMPATH\Database\Query.php(159): CodeIgniter\Database\Query->compileBinds()
 4 SYSTEMPATH\Database\BaseConnection.php(605): CodeIgniter\Database\Query->getQuery()
 5 SYSTEMPATH\Database\BaseBuilder.php(2309): CodeIgniter\Database\BaseConnection->query('INSERT INTO `users` (`name`, `lastname`, `phone`, `adress`, `email`, `user`, `password`) VALUES (:name:, :lastname:, :phone:, :adress:, :email:, :user:, :password:)', [...], false)
 6 APPPATH\Models\UserModel.php(28): CodeIgniter\Database\BaseBuilder->insert([...])
 7 APPPATH\Controllers\Home.php(64): App\Models\UserModel->registerUser('Leonardo', 'asdasd', 'asdasd', 'asdasd', 'asdasd', Object(App\Models\UserModel), '$2y$10$WgPHQGsxDk8/NES8eXW2O.nxoJC.rrKu.LwVgH8BZ0UGnacJ5bZQ6')
 8 SYSTEMPATH\CodeIgniter.php(934): App\Controllers\Home->register()
 9 SYSTEMPATH\CodeIgniter.php(499): CodeIgniter\CodeIgniter->runController(Object(App\Controllers\Home))
10 SYSTEMPATH\CodeIgniter.php(368): CodeIgniter\CodeIgniter->handleRequest(null, Object(Config\Cache), false)
11 FCPATH\index.php(67): CodeIgniter\CodeIgniter->run()
CRITICAL - 2023-04-24 00:00:33 --> Object of class App\Models\UserModel could not be converted to string
in SYSTEMPATH\Database\Query.php on line 335.
 1 SYSTEMPATH\Database\Query.php(335): strtr('INSERT INTO `users` (`name`, `lastname`, `phone`, `adress`, `email`, `user`, `password`) VALUES (:name:, :lastname:, :phone:, :adress:, :email:, :user:, :password:)', [...])
 2 SYSTEMPATH\Database\Query.php(310): CodeIgniter\Database\Query->matchNamedBinds('INSERT INTO `users` (`name`, `lastname`, `phone`, `adress`, `email`, `user`, `password`) VALUES (:name:, :lastname:, :phone:, :adress:, :email:, :user:, :password:)', [...])
 3 SYSTEMPATH\Database\Query.php(159): CodeIgniter\Database\Query->compileBinds()
 4 SYSTEMPATH\Database\BaseConnection.php(605): CodeIgniter\Database\Query->getQuery()
 5 SYSTEMPATH\Database\BaseBuilder.php(2309): CodeIgniter\Database\BaseConnection->query('INSERT INTO `users` (`name`, `lastname`, `phone`, `adress`, `email`, `user`, `password`) VALUES (:name:, :lastname:, :phone:, :adress:, :email:, :user:, :password:)', [...], false)
 6 APPPATH\Models\UserModel.php(28): CodeIgniter\Database\BaseBuilder->insert([...])
 7 APPPATH\Controllers\Home.php(64): App\Models\UserModel->registerUser('Leonardo', 'asdasd', 'asdasd', 'asdasd', 'asdasd', Object(App\Models\UserModel), '$2y$10$4hjtKKlDK71.U1TpGjHGU.ETBb2zJGRf9kWrBNbB3Kx8r32qabIWW')
 8 SYSTEMPATH\CodeIgniter.php(934): App\Controllers\Home->register()
 9 SYSTEMPATH\CodeIgniter.php(499): CodeIgniter\CodeIgniter->runController(Object(App\Controllers\Home))
10 SYSTEMPATH\CodeIgniter.php(368): CodeIgniter\CodeIgniter->handleRequest(null, Object(Config\Cache), false)
11 FCPATH\index.php(67): CodeIgniter\CodeIgniter->run()
CRITICAL - 2023-04-24 00:00:42 --> Object of class App\Models\UserModel could not be converted to string
in SYSTEMPATH\Database\Query.php on line 335.
 1 SYSTEMPATH\Database\Query.php(335): strtr('INSERT INTO `users` (`name`, `lastname`, `phone`, `adress`, `email`, `user`, `password`) VALUES (:name:, :lastname:, :phone:, :adress:, :email:, :user:, :password:)', [...])
 2 SYSTEMPATH\Database\Query.php(310): CodeIgniter\Database\Query->matchNamedBinds('INSERT INTO `users` (`name`, `lastname`, `phone`, `adress`, `email`, `user`, `password`) VALUES (:name:, :lastname:, :phone:, :adress:, :email:, :user:, :password:)', [...])
 3 SYSTEMPATH\Database\Query.php(159): CodeIgniter\Database\Query->compileBinds()
 4 SYSTEMPATH\Database\BaseConnection.php(605): CodeIgniter\Database\Query->getQuery()
 5 SYSTEMPATH\Database\BaseBuilder.php(2309): CodeIgniter\Database\BaseConnection->query('INSERT INTO `users` (`name`, `lastname`, `phone`, `adress`, `email`, `user`, `password`) VALUES (:name:, :lastname:, :phone:, :adress:, :email:, :user:, :password:)', [...], false)
 6 APPPATH\Models\UserModel.php(28): CodeIgniter\Database\BaseBuilder->insert([...])
 7 APPPATH\Controllers\Home.php(64): App\Models\UserModel->registerUser('Leonardo', 'asdasd', 'asdasd', 'asdasd', 'asdasd', Object(App\Models\UserModel), '$2y$10$juSy94iHZq43Xt3aBtgYJuZNJgt4ri7KE59mOVjeuToNNPkSaCpne')
 8 SYSTEMPATH\CodeIgniter.php(934): App\Controllers\Home->register()
 9 SYSTEMPATH\CodeIgniter.php(499): CodeIgniter\CodeIgniter->runController(Object(App\Controllers\Home))
10 SYSTEMPATH\CodeIgniter.php(368): CodeIgniter\CodeIgniter->handleRequest(null, Object(Config\Cache), false)
11 FCPATH\index.php(67): CodeIgniter\CodeIgniter->run()
CRITICAL - 2023-04-24 00:08:53 --> Object of class App\Models\UserModel could not be converted to string
in SYSTEMPATH\Database\Query.php on line 335.
 1 SYSTEMPATH\Database\Query.php(335): strtr('INSERT INTO `users` (`name`, `lastname`, `phone`, `adress`, `email`, `user`, `password`) VALUES (:name:, :lastname:, :phone:, :adress:, :email:, :user:, :password:)', [...])
 2 SYSTEMPATH\Database\Query.php(310): CodeIgniter\Database\Query->matchNamedBinds('INSERT INTO `users` (`name`, `lastname`, `phone`, `adress`, `email`, `user`, `password`) VALUES (:name:, :lastname:, :phone:, :adress:, :email:, :user:, :password:)', [...])
 3 SYSTEMPATH\Database\Query.php(159): CodeIgniter\Database\Query->compileBinds()
 4 SYSTEMPATH\Database\BaseConnection.php(605): CodeIgniter\Database\Query->getQuery()
 5 SYSTEMPATH\Database\BaseBuilder.php(2309): CodeIgniter\Database\BaseConnection->query('INSERT INTO `users` (`name`, `lastname`, `phone`, `adress`, `email`, `user`, `password`) VALUES (:name:, :lastname:, :phone:, :adress:, :email:, :user:, :password:)', [...], false)
 6 APPPATH\Models\UserModel.php(28): CodeIgniter\Database\BaseBuilder->insert([...])
 7 APPPATH\Controllers\Home.php(64): App\Models\UserModel->registerUser('', '', '', '', '', Object(App\Models\UserModel), '$2y$10$dZ9xzvTsTV0/x19hk0TDXOIN.kKNTI3jjoQWe7cMMnOXIZY027V1q')
 8 SYSTEMPATH\CodeIgniter.php(934): App\Controllers\Home->register()
 9 SYSTEMPATH\CodeIgniter.php(499): CodeIgniter\CodeIgniter->runController(Object(App\Controllers\Home))
10 SYSTEMPATH\CodeIgniter.php(368): CodeIgniter\CodeIgniter->handleRequest(null, Object(Config\Cache), false)
11 FCPATH\index.php(67): CodeIgniter\CodeIgniter->run()
CRITICAL - 2023-04-24 00:16:22 --> Undefined variable $_SESSION
in APPPATH\Views\home_user.php on line 275.
 1 APPPATH\Views\home_user.php(275): CodeIgniter\Debug\Exceptions->errorHandler(2, 'Undefined variable $_SESSION', 'A:\\XAMPP\\htdocs\\Code_Igniter\\app\\Views\\home_user.php', 275)
 2 SYSTEMPATH\View\View.php(213): include('A:\\XAMPP\\htdocs\\Code_Igniter\\app\\Views\\home_user.php')
 3 SYSTEMPATH\View\View.php(216): CodeIgniter\View\View->CodeIgniter\View\{closure}()
 4 SYSTEMPATH\Common.php(1184): CodeIgniter\View\View->render('home_user', [], true)
 5 APPPATH\Controllers\Home.php(15): view('home_user')
 6 SYSTEMPATH\CodeIgniter.php(934): App\Controllers\Home->logged()
 7 SYSTEMPATH\CodeIgniter.php(499): CodeIgniter\CodeIgniter->runController(Object(App\Controllers\Home))
 8 SYSTEMPATH\CodeIgniter.php(368): CodeIgniter\CodeIgniter->handleRequest(null, Object(Config\Cache), false)
 9 FCPATH\index.php(67): CodeIgniter\CodeIgniter->run()
CRITICAL - 2023-04-24 00:16:52 --> Undefined variable $_SESSION
in APPPATH\Views\home_user.php on line 275.
 1 APPPATH\Views\home_user.php(275): CodeIgniter\Debug\Exceptions->errorHandler(2, 'Undefined variable $_SESSION', 'A:\\XAMPP\\htdocs\\Code_Igniter\\app\\Views\\home_user.php', 275)
 2 SYSTEMPATH\View\View.php(213): include('A:\\XAMPP\\htdocs\\Code_Igniter\\app\\Views\\home_user.php')
 3 SYSTEMPATH\View\View.php(216): CodeIgniter\View\View->CodeIgniter\View\{closure}()
 4 SYSTEMPATH\Common.php(1184): CodeIgniter\View\View->render('home_user', [], true)
 5 APPPATH\Controllers\Home.php(15): view('home_user')
 6 SYSTEMPATH\CodeIgniter.php(934): App\Controllers\Home->logged()
 7 SYSTEMPATH\CodeIgniter.php(499): CodeIgniter\CodeIgniter->runController(Object(App\Controllers\Home))
 8 SYSTEMPATH\CodeIgniter.php(368): CodeIgniter\CodeIgniter->handleRequest(null, Object(Config\Cache), false)
 9 FCPATH\index.php(67): CodeIgniter\CodeIgniter->run()
CRITICAL - 2023-04-24 00:18:10 --> Undefined variable $_SESSION
in APPPATH\Views\home_user.php on line 275.
 1 APPPATH\Views\home_user.php(275): CodeIgniter\Debug\Exceptions->errorHandler(2, 'Undefined variable $_SESSION', 'A:\\XAMPP\\htdocs\\Code_Igniter\\app\\Views\\home_user.php', 275)
 2 SYSTEMPATH\View\View.php(213): include('A:\\XAMPP\\htdocs\\Code_Igniter\\app\\Views\\home_user.php')
 3 SYSTEMPATH\View\View.php(216): CodeIgniter\View\View->CodeIgniter\View\{closure}()
 4 SYSTEMPATH\Common.php(1184): CodeIgniter\View\View->render('home_user', [], true)
 5 APPPATH\Controllers\Home.php(15): view('home_user')
 6 SYSTEMPATH\CodeIgniter.php(934): App\Controllers\Home->logged()
 7 SYSTEMPATH\CodeIgniter.php(499): CodeIgniter\CodeIgniter->runController(Object(App\Controllers\Home))
 8 SYSTEMPATH\CodeIgniter.php(368): CodeIgniter\CodeIgniter->handleRequest(null, Object(Config\Cache), false)
 9 FCPATH\index.php(67): CodeIgniter\CodeIgniter->run()
CRITICAL - 2023-04-24 00:19:40 --> Undefined variable $_SESSION
in APPPATH\Views\home_user.php on line 275.
 1 APPPATH\Views\home_user.php(275): CodeIgniter\Debug\Exceptions->errorHandler(2, 'Undefined variable $_SESSION', 'A:\\XAMPP\\htdocs\\Code_Igniter\\app\\Views\\home_user.php', 275)
 2 SYSTEMPATH\View\View.php(213): include('A:\\XAMPP\\htdocs\\Code_Igniter\\app\\Views\\home_user.php')
 3 SYSTEMPATH\View\View.php(216): CodeIgniter\View\View->CodeIgniter\View\{closure}()
 4 SYSTEMPATH\Common.php(1184): CodeIgniter\View\View->render('home_user', [], true)
 5 APPPATH\Controllers\Home.php(15): view('home_user')
 6 SYSTEMPATH\CodeIgniter.php(934): App\Controllers\Home->logged()
 7 SYSTEMPATH\CodeIgniter.php(499): CodeIgniter\CodeIgniter->runController(Object(App\Controllers\Home))
 8 SYSTEMPATH\CodeIgniter.php(368): CodeIgniter\CodeIgniter->handleRequest(null, Object(Config\Cache), false)
 9 FCPATH\index.php(67): CodeIgniter\CodeIgniter->run()
CRITICAL - 2023-04-24 00:21:07 --> Object of class App\Models\UserModel could not be converted to string
in SYSTEMPATH\Database\Query.php on line 335.
 1 SYSTEMPATH\Database\Query.php(335): strtr('INSERT INTO `users` (`name`, `lastname`, `phone`, `adress`, `email`, `user`, `password`) VALUES (:name:, :lastname:, :phone:, :adress:, :email:, :user:, :password:)', [...])
 2 SYSTEMPATH\Database\Query.php(310): CodeIgniter\Database\Query->matchNamedBinds('INSERT INTO `users` (`name`, `lastname`, `phone`, `adress`, `email`, `user`, `password`) VALUES (:name:, :lastname:, :phone:, :adress:, :email:, :user:, :password:)', [...])
 3 SYSTEMPATH\Database\Query.php(159): CodeIgniter\Database\Query->compileBinds()
 4 SYSTEMPATH\Database\BaseConnection.php(605): CodeIgniter\Database\Query->getQuery()
 5 SYSTEMPATH\Database\BaseBuilder.php(2309): CodeIgniter\Database\BaseConnection->query('INSERT INTO `users` (`name`, `lastname`, `phone`, `adress`, `email`, `user`, `password`) VALUES (:name:, :lastname:, :phone:, :adress:, :email:, :user:, :password:)', [...], false)
 6 APPPATH\Models\UserModel.php(28): CodeIgniter\Database\BaseBuilder->insert([...])
 7 APPPATH\Controllers\Home.php(64): App\Models\UserModel->registerUser('', '', '', '', '', Object(App\Models\UserModel), '$2y$10$BMMHUxUoWWQu5WP1DABuOu2Yob6sTQLU7ol8ffhrkd22nPlaDgFb.')
 8 SYSTEMPATH\CodeIgniter.php(934): App\Controllers\Home->register()
 9 SYSTEMPATH\CodeIgniter.php(499): CodeIgniter\CodeIgniter->runController(Object(App\Controllers\Home))
10 SYSTEMPATH\CodeIgniter.php(368): CodeIgniter\CodeIgniter->handleRequest(null, Object(Config\Cache), false)
11 FCPATH\index.php(67): CodeIgniter\CodeIgniter->run()
CRITICAL - 2023-04-24 00:25:25 --> Object of class App\Models\UserModel could not be converted to string
in SYSTEMPATH\Database\Query.php on line 335.
 1 SYSTEMPATH\Database\Query.php(335): strtr('INSERT INTO `users` (`name`, `lastname`, `phone`, `adress`, `email`, `user`, `password`) VALUES (:name:, :lastname:, :phone:, :adress:, :email:, :user:, :password:)', [...])
 2 SYSTEMPATH\Database\Query.php(310): CodeIgniter\Database\Query->matchNamedBinds('INSERT INTO `users` (`name`, `lastname`, `phone`, `adress`, `email`, `user`, `password`) VALUES (:name:, :lastname:, :phone:, :adress:, :email:, :user:, :password:)', [...])
 3 SYSTEMPATH\Database\Query.php(159): CodeIgniter\Database\Query->compileBinds()
 4 SYSTEMPATH\Database\BaseConnection.php(605): CodeIgniter\Database\Query->getQuery()
 5 SYSTEMPATH\Database\BaseBuilder.php(2309): CodeIgniter\Database\BaseConnection->query('INSERT INTO `users` (`name`, `lastname`, `phone`, `adress`, `email`, `user`, `password`) VALUES (:name:, :lastname:, :phone:, :adress:, :email:, :user:, :password:)', [...], false)
 6 APPPATH\Models\UserModel.php(28): CodeIgniter\Database\BaseBuilder->insert([...])
 7 APPPATH\Controllers\Home.php(64): App\Models\UserModel->registerUser('', '', '', '', '', Object(App\Models\UserModel), '$2y$10$X7AubUklNRHegyAoepI6juqYq1ffSzFJumx.yBmKKKTlcGV9gDc66')
 8 SYSTEMPATH\CodeIgniter.php(934): App\Controllers\Home->register()
 9 SYSTEMPATH\CodeIgniter.php(499): CodeIgniter\CodeIgniter->runController(Object(App\Controllers\Home))
10 SYSTEMPATH\CodeIgniter.php(368): CodeIgniter\CodeIgniter->handleRequest(null, Object(Config\Cache), false)
11 FCPATH\index.php(67): CodeIgniter\CodeIgniter->run()
CRITICAL - 2023-04-24 00:26:39 --> Object of class App\Models\UserModel could not be converted to string
in SYSTEMPATH\Database\Query.php on line 335.
 1 SYSTEMPATH\Database\Query.php(335): strtr('INSERT INTO `users` (`name`, `lastname`, `phone`, `adress`, `email`, `user`, `password`) VALUES (:name:, :lastname:, :phone:, :adress:, :email:, :user:, :password:)', [...])
 2 SYSTEMPATH\Database\Query.php(310): CodeIgniter\Database\Query->matchNamedBinds('INSERT INTO `users` (`name`, `lastname`, `phone`, `adress`, `email`, `user`, `password`) VALUES (:name:, :lastname:, :phone:, :adress:, :email:, :user:, :password:)', [...])
 3 SYSTEMPATH\Database\Query.php(159): CodeIgniter\Database\Query->compileBinds()
 4 SYSTEMPATH\Database\BaseConnection.php(605): CodeIgniter\Database\Query->getQuery()
 5 SYSTEMPATH\Database\BaseBuilder.php(2309): CodeIgniter\Database\BaseConnection->query('INSERT INTO `users` (`name`, `lastname`, `phone`, `adress`, `email`, `user`, `password`) VALUES (:name:, :lastname:, :phone:, :adress:, :email:, :user:, :password:)', [...], false)
 6 APPPATH\Models\UserModel.php(28): CodeIgniter\Database\BaseBuilder->insert([...])
 7 APPPATH\Controllers\Home.php(64): App\Models\UserModel->registerUser('', '', '', '', '', Object(App\Models\UserModel), '$2y$10$kttmPHbndrs/kY6W1LDWJ.TxDD4eDZeyXKKU.P0PYRDBCcyo8YCm6')
 8 SYSTEMPATH\CodeIgniter.php(934): App\Controllers\Home->register()
 9 SYSTEMPATH\CodeIgniter.php(499): CodeIgniter\CodeIgniter->runController(Object(App\Controllers\Home))
10 SYSTEMPATH\CodeIgniter.php(368): CodeIgniter\CodeIgniter->handleRequest(null, Object(Config\Cache), false)
11 FCPATH\index.php(67): CodeIgniter\CodeIgniter->run()
CRITICAL - 2023-04-24 00:29:09 --> Undefined variable $_SESSION
in APPPATH\Views\home_user.php on line 30.
 1 APPPATH\Views\home_user.php(30): CodeIgniter\Debug\Exceptions->errorHandler(2, 'Undefined variable $_SESSION', 'A:\\XAMPP\\htdocs\\Code_Igniter\\app\\Views\\home_user.php', 30)
 2 SYSTEMPATH\View\View.php(213): include('A:\\XAMPP\\htdocs\\Code_Igniter\\app\\Views\\home_user.php')
 3 SYSTEMPATH\View\View.php(216): CodeIgniter\View\View->CodeIgniter\View\{closure}()
 4 SYSTEMPATH\Common.php(1184): CodeIgniter\View\View->render('home_user', [], true)
 5 APPPATH\Controllers\Home.php(15): view('home_user')
 6 SYSTEMPATH\CodeIgniter.php(934): App\Controllers\Home->logged()
 7 SYSTEMPATH\CodeIgniter.php(499): CodeIgniter\CodeIgniter->runController(Object(App\Controllers\Home))
 8 SYSTEMPATH\CodeIgniter.php(368): CodeIgniter\CodeIgniter->handleRequest(null, Object(Config\Cache), false)
 9 FCPATH\index.php(67): CodeIgniter\CodeIgniter->run()
CRITICAL - 2023-04-24 00:29:10 --> Undefined variable $_SESSION
in APPPATH\Views\home_user.php on line 30.
 1 APPPATH\Views\home_user.php(30): CodeIgniter\Debug\Exceptions->errorHandler(2, 'Undefined variable $_SESSION', 'A:\\XAMPP\\htdocs\\Code_Igniter\\app\\Views\\home_user.php', 30)
 2 SYSTEMPATH\View\View.php(213): include('A:\\XAMPP\\htdocs\\Code_Igniter\\app\\Views\\home_user.php')
 3 SYSTEMPATH\View\View.php(216): CodeIgniter\View\View->CodeIgniter\View\{closure}()
 4 SYSTEMPATH\Common.php(1184): CodeIgniter\View\View->render('home_user', [], true)
 5 APPPATH\Controllers\Home.php(15): view('home_user')
 6 SYSTEMPATH\CodeIgniter.php(934): App\Controllers\Home->logged()
 7 SYSTEMPATH\CodeIgniter.php(499): CodeIgniter\CodeIgniter->runController(Object(App\Controllers\Home))
 8 SYSTEMPATH\CodeIgniter.php(368): CodeIgniter\CodeIgniter->handleRequest(null, Object(Config\Cache), false)
 9 FCPATH\index.php(67): CodeIgniter\CodeIgniter->run()
CRITICAL - 2023-04-24 00:29:11 --> Undefined variable $_SESSION
in APPPATH\Views\home_user.php on line 30.
 1 APPPATH\Views\home_user.php(30): CodeIgniter\Debug\Exceptions->errorHandler(2, 'Undefined variable $_SESSION', 'A:\\XAMPP\\htdocs\\Code_Igniter\\app\\Views\\home_user.php', 30)
 2 SYSTEMPATH\View\View.php(213): include('A:\\XAMPP\\htdocs\\Code_Igniter\\app\\Views\\home_user.php')
 3 SYSTEMPATH\View\View.php(216): CodeIgniter\View\View->CodeIgniter\View\{closure}()
 4 SYSTEMPATH\Common.php(1184): CodeIgniter\View\View->render('home_user', [], true)
 5 APPPATH\Controllers\Home.php(15): view('home_user')
 6 SYSTEMPATH\CodeIgniter.php(934): App\Controllers\Home->logged()
 7 SYSTEMPATH\CodeIgniter.php(499): CodeIgniter\CodeIgniter->runController(Object(App\Controllers\Home))
 8 SYSTEMPATH\CodeIgniter.php(368): CodeIgniter\CodeIgniter->handleRequest(null, Object(Config\Cache), false)
 9 FCPATH\index.php(67): CodeIgniter\CodeIgniter->run()
CRITICAL - 2023-04-24 00:40:35 --> Object of class App\Models\UserModel could not be converted to string
in SYSTEMPATH\Database\Query.php on line 335.
 1 SYSTEMPATH\Database\Query.php(335): strtr('INSERT INTO `users` (`name`, `lastname`, `phone`, `adress`, `email`, `user`, `password`) VALUES (:name:, :lastname:, :phone:, :adress:, :email:, :user:, :password:)', [...])
 2 SYSTEMPATH\Database\Query.php(310): CodeIgniter\Database\Query->matchNamedBinds('INSERT INTO `users` (`name`, `lastname`, `phone`, `adress`, `email`, `user`, `password`) VALUES (:name:, :lastname:, :phone:, :adress:, :email:, :user:, :password:)', [...])
 3 SYSTEMPATH\Database\Query.php(159): CodeIgniter\Database\Query->compileBinds()
 4 SYSTEMPATH\Database\BaseConnection.php(605): CodeIgniter\Database\Query->getQuery()
 5 SYSTEMPATH\Database\BaseBuilder.php(2309): CodeIgniter\Database\BaseConnection->query('INSERT INTO `users` (`name`, `lastname`, `phone`, `adress`, `email`, `user`, `password`) VALUES (:name:, :lastname:, :phone:, :adress:, :email:, :user:, :password:)', [...], false)
 6 APPPATH\Models\UserModel.php(28): CodeIgniter\Database\BaseBuilder->insert([...])
 7 APPPATH\Controllers\Home.php(64): App\Models\UserModel->registerUser('', '', '', '', '', Object(App\Models\UserModel), '$2y$10$YI/.bAolUXNe.7.EdSdaUeRpU1o2LVRTh6Vrcp6m5sIfu5fa0GWVa')
 8 SYSTEMPATH\CodeIgniter.php(934): App\Controllers\Home->register()
 9 SYSTEMPATH\CodeIgniter.php(499): CodeIgniter\CodeIgniter->runController(Object(App\Controllers\Home))
10 SYSTEMPATH\CodeIgniter.php(368): CodeIgniter\CodeIgniter->handleRequest(null, Object(Config\Cache), false)
11 FCPATH\index.php(67): CodeIgniter\CodeIgniter->run()
CRITICAL - 2023-04-24 00:43:22 --> Object of class App\Models\UserModel could not be converted to string
in SYSTEMPATH\Database\Query.php on line 335.
 1 SYSTEMPATH\Database\Query.php(335): strtr('INSERT INTO `users` (`name`, `lastname`, `phone`, `adress`, `email`, `user`, `password`) VALUES (:name:, :lastname:, :phone:, :adress:, :email:, :user:, :password:)', [...])
 2 SYSTEMPATH\Database\Query.php(310): CodeIgniter\Database\Query->matchNamedBinds('INSERT INTO `users` (`name`, `lastname`, `phone`, `adress`, `email`, `user`, `password`) VALUES (:name:, :lastname:, :phone:, :adress:, :email:, :user:, :password:)', [...])
 3 SYSTEMPATH\Database\Query.php(159): CodeIgniter\Database\Query->compileBinds()
 4 SYSTEMPATH\Database\BaseConnection.php(605): CodeIgniter\Database\Query->getQuery()
 5 SYSTEMPATH\Database\BaseBuilder.php(2309): CodeIgniter\Database\BaseConnection->query('INSERT INTO `users` (`name`, `lastname`, `phone`, `adress`, `email`, `user`, `password`) VALUES (:name:, :lastname:, :phone:, :adress:, :email:, :user:, :password:)', [...], false)
 6 APPPATH\Models\UserModel.php(28): CodeIgniter\Database\BaseBuilder->insert([...])
 7 APPPATH\Controllers\Home.php(64): App\Models\UserModel->registerUser('', '', '', '', '', Object(App\Models\UserModel), '$2y$10$PCBqp/GLp7K6PL.LDjDp.ugLQQhsViJydgouebcFba4GvDE2PpnyG')
 8 SYSTEMPATH\CodeIgniter.php(934): App\Controllers\Home->register()
 9 SYSTEMPATH\CodeIgniter.php(499): CodeIgniter\CodeIgniter->runController(Object(App\Controllers\Home))
10 SYSTEMPATH\CodeIgniter.php(368): CodeIgniter\CodeIgniter->handleRequest(null, Object(Config\Cache), false)
11 FCPATH\index.php(67): CodeIgniter\CodeIgniter->run()
CRITICAL - 2023-04-24 00:45:47 --> Object of class App\Models\UserModel could not be converted to string
in SYSTEMPATH\Database\Query.php on line 335.
 1 SYSTEMPATH\Database\Query.php(335): strtr('INSERT INTO `users` (`name`, `lastname`, `phone`, `adress`, `email`, `user`, `password`) VALUES (:name:, :lastname:, :phone:, :adress:, :email:, :user:, :password:)', [...])
 2 SYSTEMPATH\Database\Query.php(310): CodeIgniter\Database\Query->matchNamedBinds('INSERT INTO `users` (`name`, `lastname`, `phone`, `adress`, `email`, `user`, `password`) VALUES (:name:, :lastname:, :phone:, :adress:, :email:, :user:, :password:)', [...])
 3 SYSTEMPATH\Database\Query.php(159): CodeIgniter\Database\Query->compileBinds()
 4 SYSTEMPATH\Database\BaseConnection.php(605): CodeIgniter\Database\Query->getQuery()
 5 SYSTEMPATH\Database\BaseBuilder.php(2309): CodeIgniter\Database\BaseConnection->query('INSERT INTO `users` (`name`, `lastname`, `phone`, `adress`, `email`, `user`, `password`) VALUES (:name:, :lastname:, :phone:, :adress:, :email:, :user:, :password:)', [...], false)
 6 APPPATH\Models\UserModel.php(28): CodeIgniter\Database\BaseBuilder->insert([...])
 7 APPPATH\Controllers\Home.php(64): App\Models\UserModel->registerUser('', '', '', '', '', Object(App\Models\UserModel), '')
 8 SYSTEMPATH\CodeIgniter.php(934): App\Controllers\Home->register()
 9 SYSTEMPATH\CodeIgniter.php(499): CodeIgniter\CodeIgniter->runController(Object(App\Controllers\Home))
10 SYSTEMPATH\CodeIgniter.php(368): CodeIgniter\CodeIgniter->handleRequest(null, Object(Config\Cache), false)
11 FCPATH\index.php(67): CodeIgniter\CodeIgniter->run()
CRITICAL - 2023-04-24 00:45:51 --> Object of class App\Models\UserModel could not be converted to string
in SYSTEMPATH\Database\Query.php on line 335.
 1 SYSTEMPATH\Database\Query.php(335): strtr('INSERT INTO `users` (`name`, `lastname`, `phone`, `adress`, `email`, `user`, `password`) VALUES (:name:, :lastname:, :phone:, :adress:, :email:, :user:, :password:)', [...])
 2 SYSTEMPATH\Database\Query.php(310): CodeIgniter\Database\Query->matchNamedBinds('INSERT INTO `users` (`name`, `lastname`, `phone`, `adress`, `email`, `user`, `password`) VALUES (:name:, :lastname:, :phone:, :adress:, :email:, :user:, :password:)', [...])
 3 SYSTEMPATH\Database\Query.php(159): CodeIgniter\Database\Query->compileBinds()
 4 SYSTEMPATH\Database\BaseConnection.php(605): CodeIgniter\Database\Query->getQuery()
 5 SYSTEMPATH\Database\BaseBuilder.php(2309): CodeIgniter\Database\BaseConnection->query('INSERT INTO `users` (`name`, `lastname`, `phone`, `adress`, `email`, `user`, `password`) VALUES (:name:, :lastname:, :phone:, :adress:, :email:, :user:, :password:)', [...], false)
 6 APPPATH\Models\UserModel.php(28): CodeIgniter\Database\BaseBuilder->insert([...])
 7 APPPATH\Controllers\Home.php(64): App\Models\UserModel->registerUser('', '', '', '', '', Object(App\Models\UserModel), '')
 8 SYSTEMPATH\CodeIgniter.php(934): App\Controllers\Home->register()
 9 SYSTEMPATH\CodeIgniter.php(499): CodeIgniter\CodeIgniter->runController(Object(App\Controllers\Home))
10 SYSTEMPATH\CodeIgniter.php(368): CodeIgniter\CodeIgniter->handleRequest(null, Object(Config\Cache), false)
11 FCPATH\index.php(67): CodeIgniter\CodeIgniter->run()
CRITICAL - 2023-04-24 00:47:34 --> Object of class App\Models\UserModel could not be converted to string
in SYSTEMPATH\Database\Query.php on line 335.
 1 SYSTEMPATH\Database\Query.php(335): strtr('INSERT INTO `users` (`name`, `lastname`, `phone`, `adress`, `email`, `user`, `password`) VALUES (:name:, :lastname:, :phone:, :adress:, :email:, :user:, :password:)', [...])
 2 SYSTEMPATH\Database\Query.php(310): CodeIgniter\Database\Query->matchNamedBinds('INSERT INTO `users` (`name`, `lastname`, `phone`, `adress`, `email`, `user`, `password`) VALUES (:name:, :lastname:, :phone:, :adress:, :email:, :user:, :password:)', [...])
 3 SYSTEMPATH\Database\Query.php(159): CodeIgniter\Database\Query->compileBinds()
 4 SYSTEMPATH\Database\BaseConnection.php(605): CodeIgniter\Database\Query->getQuery()
 5 SYSTEMPATH\Database\BaseBuilder.php(2309): CodeIgniter\Database\BaseConnection->query('INSERT INTO `users` (`name`, `lastname`, `phone`, `adress`, `email`, `user`, `password`) VALUES (:name:, :lastname:, :phone:, :adress:, :email:, :user:, :password:)', [...], false)
 6 APPPATH\Models\UserModel.php(28): CodeIgniter\Database\BaseBuilder->insert([...])
 7 APPPATH\Controllers\Home.php(64): App\Models\UserModel->registerUser('', '', '', '', '', Object(App\Models\UserModel), '')
 8 SYSTEMPATH\CodeIgniter.php(934): App\Controllers\Home->register()
 9 SYSTEMPATH\CodeIgniter.php(499): CodeIgniter\CodeIgniter->runController(Object(App\Controllers\Home))
10 SYSTEMPATH\CodeIgniter.php(368): CodeIgniter\CodeIgniter->handleRequest(null, Object(Config\Cache), false)
11 FCPATH\index.php(67): CodeIgniter\CodeIgniter->run()
CRITICAL - 2023-04-24 00:49:28 --> Object of class App\Models\UserModel could not be converted to string
in SYSTEMPATH\Database\Query.php on line 335.
 1 SYSTEMPATH\Database\Query.php(335): strtr('INSERT INTO `users` (`name`, `lastname`, `phone`, `adress`, `email`, `user`, `password`) VALUES (:name:, :lastname:, :phone:, :adress:, :email:, :user:, :password:)', [...])
 2 SYSTEMPATH\Database\Query.php(310): CodeIgniter\Database\Query->matchNamedBinds('INSERT INTO `users` (`name`, `lastname`, `phone`, `adress`, `email`, `user`, `password`) VALUES (:name:, :lastname:, :phone:, :adress:, :email:, :user:, :password:)', [...])
 3 SYSTEMPATH\Database\Query.php(159): CodeIgniter\Database\Query->compileBinds()
 4 SYSTEMPATH\Database\BaseConnection.php(605): CodeIgniter\Database\Query->getQuery()
 5 SYSTEMPATH\Database\BaseBuilder.php(2309): CodeIgniter\Database\BaseConnection->query('INSERT INTO `users` (`name`, `lastname`, `phone`, `adress`, `email`, `user`, `password`) VALUES (:name:, :lastname:, :phone:, :adress:, :email:, :user:, :password:)', [...], false)
 6 APPPATH\Models\UserModel.php(28): CodeIgniter\Database\BaseBuilder->insert([...])
 7 APPPATH\Controllers\Home.php(64): App\Models\UserModel->registerUser('', '', '', '', '', Object(App\Models\UserModel), '')
 8 SYSTEMPATH\CodeIgniter.php(934): App\Controllers\Home->register()
 9 SYSTEMPATH\CodeIgniter.php(499): CodeIgniter\CodeIgniter->runController(Object(App\Controllers\Home))
10 SYSTEMPATH\CodeIgniter.php(368): CodeIgniter\CodeIgniter->handleRequest(null, Object(Config\Cache), false)
11 FCPATH\index.php(67): CodeIgniter\CodeIgniter->run()
CRITICAL - 2023-04-24 00:51:30 --> Object of class App\Models\UserModel could not be converted to string
in SYSTEMPATH\Database\Query.php on line 335.
 1 SYSTEMPATH\Database\Query.php(335): strtr('INSERT INTO `users` (`name`, `lastname`, `phone`, `adress`, `email`, `user`, `password`) VALUES (:name:, :lastname:, :phone:, :adress:, :email:, :user:, :password:)', [...])
 2 SYSTEMPATH\Database\Query.php(310): CodeIgniter\Database\Query->matchNamedBinds('INSERT INTO `users` (`name`, `lastname`, `phone`, `adress`, `email`, `user`, `password`) VALUES (:name:, :lastname:, :phone:, :adress:, :email:, :user:, :password:)', [...])
 3 SYSTEMPATH\Database\Query.php(159): CodeIgniter\Database\Query->compileBinds()
 4 SYSTEMPATH\Database\BaseConnection.php(605): CodeIgniter\Database\Query->getQuery()
 5 SYSTEMPATH\Database\BaseBuilder.php(2309): CodeIgniter\Database\BaseConnection->query('INSERT INTO `users` (`name`, `lastname`, `phone`, `adress`, `email`, `user`, `password`) VALUES (:name:, :lastname:, :phone:, :adress:, :email:, :user:, :password:)', [...], false)
 6 APPPATH\Models\UserModel.php(28): CodeIgniter\Database\BaseBuilder->insert([...])
 7 APPPATH\Controllers\Home.php(64): App\Models\UserModel->registerUser('', '', '', '', '', Object(App\Models\UserModel), '')
 8 SYSTEMPATH\CodeIgniter.php(934): App\Controllers\Home->register()
 9 SYSTEMPATH\CodeIgniter.php(499): CodeIgniter\CodeIgniter->runController(Object(App\Controllers\Home))
10 SYSTEMPATH\CodeIgniter.php(368): CodeIgniter\CodeIgniter->handleRequest(null, Object(Config\Cache), false)
11 FCPATH\index.php(67): CodeIgniter\CodeIgniter->run()
CRITICAL - 2023-04-24 00:52:32 --> Object of class App\Models\UserModel could not be converted to string
in SYSTEMPATH\Database\Query.php on line 335.
 1 SYSTEMPATH\Database\Query.php(335): strtr('INSERT INTO `users` (`name`, `lastname`, `phone`, `adress`, `email`, `user`, `password`) VALUES (:name:, :lastname:, :phone:, :adress:, :email:, :user:, :password:)', [...])
 2 SYSTEMPATH\Database\Query.php(310): CodeIgniter\Database\Query->matchNamedBinds('INSERT INTO `users` (`name`, `lastname`, `phone`, `adress`, `email`, `user`, `password`) VALUES (:name:, :lastname:, :phone:, :adress:, :email:, :user:, :password:)', [...])
 3 SYSTEMPATH\Database\Query.php(159): CodeIgniter\Database\Query->compileBinds()
 4 SYSTEMPATH\Database\BaseConnection.php(605): CodeIgniter\Database\Query->getQuery()
 5 SYSTEMPATH\Database\BaseBuilder.php(2309): CodeIgniter\Database\BaseConnection->query('INSERT INTO `users` (`name`, `lastname`, `phone`, `adress`, `email`, `user`, `password`) VALUES (:name:, :lastname:, :phone:, :adress:, :email:, :user:, :password:)', [...], false)
 6 APPPATH\Models\UserModel.php(42): CodeIgniter\Database\BaseBuilder->insert([...])
 7 APPPATH\Controllers\Home.php(64): App\Models\UserModel->registerUser('', '', '', '', '', Object(App\Models\UserModel), '')
 8 SYSTEMPATH\CodeIgniter.php(934): App\Controllers\Home->register()
 9 SYSTEMPATH\CodeIgniter.php(499): CodeIgniter\CodeIgniter->runController(Object(App\Controllers\Home))
10 SYSTEMPATH\CodeIgniter.php(368): CodeIgniter\CodeIgniter->handleRequest(null, Object(Config\Cache), false)
11 FCPATH\index.php(67): CodeIgniter\CodeIgniter->run()
CRITICAL - 2023-04-24 01:11:01 --> Unsupported operand types: string / string
in APPPATH\Controllers\Home.php on line 48.
 1 SYSTEMPATH\CodeIgniter.php(934): App\Controllers\Home->login()
 2 SYSTEMPATH\CodeIgniter.php(499): CodeIgniter\CodeIgniter->runController(Object(App\Controllers\Home))
 3 SYSTEMPATH\CodeIgniter.php(368): CodeIgniter\CodeIgniter->handleRequest(null, Object(Config\Cache), false)
 4 FCPATH\index.php(67): CodeIgniter\CodeIgniter->run()
CRITICAL - 2023-04-24 02:17:47 --> Invalid file: "m9.php"
in SYSTEMPATH\Exceptions\FrameworkException.php on line 33.
 1 SYSTEMPATH\View\View.php(201): CodeIgniter\Exceptions\FrameworkException::forInvalidFile('m9.php')
 2 SYSTEMPATH\Common.php(1184): CodeIgniter\View\View->render('m9', [], true)
 3 APPPATH\Controllers\Home.php(29): view('m9')
 4 SYSTEMPATH\CodeIgniter.php(934): App\Controllers\Home->m9()
 5 SYSTEMPATH\CodeIgniter.php(499): CodeIgniter\CodeIgniter->runController(Object(App\Controllers\Home))
 6 SYSTEMPATH\CodeIgniter.php(368): CodeIgniter\CodeIgniter->handleRequest(null, Object(Config\Cache), false)
 7 FCPATH\index.php(67): CodeIgniter\CodeIgniter->run()
CRITICAL - 2023-04-24 02:42:01 --> syntax error, unexpected string content "public/img/curriculum_anthony/..."
in APPPATH\Views\curriculum_anthony.html on line 26.
 1 SYSTEMPATH\View\View.php(216): CodeIgniter\View\View->CodeIgniter\View\{closure}()
 2 SYSTEMPATH\Common.php(1184): CodeIgniter\View\View->render('curriculum_anthony.html', [], true)
 3 APPPATH\Controllers\Home.php(76): view('curriculum_anthony.html')
 4 SYSTEMPATH\CodeIgniter.php(934): App\Controllers\Home->curriculum_anthony()
 5 SYSTEMPATH\CodeIgniter.php(499): CodeIgniter\CodeIgniter->runController(Object(App\Controllers\Home))
 6 SYSTEMPATH\CodeIgniter.php(368): CodeIgniter\CodeIgniter->handleRequest(null, Object(Config\Cache), false)
 7 FCPATH\index.php(67): CodeIgniter\CodeIgniter->run()
CRITICAL - 2023-04-24 02:42:05 --> syntax error, unexpected string content "public/img/curriculum_anthony/..."
in APPPATH\Views\curriculum_anthony.html on line 26.
 1 SYSTEMPATH\View\View.php(216): CodeIgniter\View\View->CodeIgniter\View\{closure}()
 2 SYSTEMPATH\Common.php(1184): CodeIgniter\View\View->render('curriculum_anthony.html', [], true)
 3 APPPATH\Controllers\Home.php(76): view('curriculum_anthony.html')
 4 SYSTEMPATH\CodeIgniter.php(934): App\Controllers\Home->curriculum_anthony()
 5 SYSTEMPATH\CodeIgniter.php(499): CodeIgniter\CodeIgniter->runController(Object(App\Controllers\Home))
 6 SYSTEMPATH\CodeIgniter.php(368): CodeIgniter\CodeIgniter->handleRequest(null, Object(Config\Cache), false)
 7 FCPATH\index.php(67): CodeIgniter\CodeIgniter->run()
CRITICAL - 2023-04-24 02:42:55 --> syntax error, unexpected string content "public/img/curriculum_anthony/..."
in APPPATH\Views\curriculum_anthony.html on line 26.
 1 SYSTEMPATH\View\View.php(216): CodeIgniter\View\View->CodeIgniter\View\{closure}()
 2 SYSTEMPATH\Common.php(1184): CodeIgniter\View\View->render('curriculum_anthony.html', [], true)
 3 APPPATH\Controllers\Home.php(76): view('curriculum_anthony.html')
 4 SYSTEMPATH\CodeIgniter.php(934): App\Controllers\Home->curriculum_anthony()
 5 SYSTEMPATH\CodeIgniter.php(499): CodeIgniter\CodeIgniter->runController(Object(App\Controllers\Home))
 6 SYSTEMPATH\CodeIgniter.php(368): CodeIgniter\CodeIgniter->handleRequest(null, Object(Config\Cache), false)
 7 FCPATH\index.php(67): CodeIgniter\CodeIgniter->run()
CRITICAL - 2023-04-24 02:44:17 --> syntax error, unexpected token "public", expecting ")"
in APPPATH\Views\curriculum_anthony.html on line 28.
 1 SYSTEMPATH\View\View.php(216): CodeIgniter\View\View->CodeIgniter\View\{closure}()
 2 SYSTEMPATH\Common.php(1184): CodeIgniter\View\View->render('curriculum_anthony.html', [], true)
 3 APPPATH\Controllers\Home.php(76): view('curriculum_anthony.html')
 4 SYSTEMPATH\CodeIgniter.php(934): App\Controllers\Home->curriculum_anthony()
 5 SYSTEMPATH\CodeIgniter.php(499): CodeIgniter\CodeIgniter->runController(Object(App\Controllers\Home))
 6 SYSTEMPATH\CodeIgniter.php(368): CodeIgniter\CodeIgniter->handleRequest(null, Object(Config\Cache), false)
 7 FCPATH\index.php(67): CodeIgniter\CodeIgniter->run()
CRITICAL - 2023-04-24 02:44:18 --> syntax error, unexpected token "public", expecting ")"
in APPPATH\Views\curriculum_anthony.html on line 28.
 1 SYSTEMPATH\View\View.php(216): CodeIgniter\View\View->CodeIgniter\View\{closure}()
 2 SYSTEMPATH\Common.php(1184): CodeIgniter\View\View->render('curriculum_anthony.html', [], true)
 3 APPPATH\Controllers\Home.php(76): view('curriculum_anthony.html')
 4 SYSTEMPATH\CodeIgniter.php(934): App\Controllers\Home->curriculum_anthony()
 5 SYSTEMPATH\CodeIgniter.php(499): CodeIgniter\CodeIgniter->runController(Object(App\Controllers\Home))
 6 SYSTEMPATH\CodeIgniter.php(368): CodeIgniter\CodeIgniter->handleRequest(null, Object(Config\Cache), false)
 7 FCPATH\index.php(67): CodeIgniter\CodeIgniter->run()
CRITICAL - 2023-04-24 02:59:22 --> Invalid file: "m1.html"
in SYSTEMPATH\Exceptions\FrameworkException.php on line 33.
 1 SYSTEMPATH\View\View.php(201): CodeIgniter\Exceptions\FrameworkException::forInvalidFile('m1.html')
 2 SYSTEMPATH\Common.php(1184): CodeIgniter\View\View->render('m1.html', [], true)
 3 APPPATH\Controllers\Home.php(30): view('m1.html')
 4 SYSTEMPATH\CodeIgniter.php(934): App\Controllers\Home->m1()
 5 SYSTEMPATH\CodeIgniter.php(499): CodeIgniter\CodeIgniter->runController(Object(App\Controllers\Home))
 6 SYSTEMPATH\CodeIgniter.php(368): CodeIgniter\CodeIgniter->handleRequest(null, Object(Config\Cache), false)
 7 FCPATH\index.php(67): CodeIgniter\CodeIgniter->run()
